<?xml version="1.0" encoding="utf-8"?><testsuites name="pytest tests"><testsuite name="pytest" errors="0" failures="0" skipped="0" tests="14" time="3.711" timestamp="2026-01-09T14:47:23.754202+00:00" hostname="agent-env-8554711e-c00f-4f2a-9825-1f4e8d1d0d66"><testcase classname="tests.test_admin_pwa_apis.TestAdminAPIs" name="test_login_success" time="0.568" /><testcase classname="tests.test_admin_pwa_apis.TestAdminAPIs" name="test_admin_dashboard_returns_stats" time="0.303" /><testcase classname="tests.test_admin_pwa_apis.TestAdminAPIs" name="test_admin_dashboard_returns_recent_activity" time="0.360" /><testcase classname="tests.test_admin_pwa_apis.TestAdminAPIs" name="test_admin_users_returns_user_list" time="0.296" /><testcase classname="tests.test_admin_pwa_apis.TestAdminAPIs" name="test_admin_roles_returns_role_list" time="0.301" /><testcase classname="tests.test_admin_pwa_apis.TestAdminAPIs" name="test_admin_settings_returns_settings" time="0.299" /><testcase classname="tests.test_admin_pwa_apis.TestAdminAPIs" name="test_admin_invites_returns_list" time="0.340" /><testcase classname="tests.test_admin_pwa_apis.TestPWAFeatures" name="test_manifest_json_served" time="0.036" /><testcase classname="tests.test_admin_pwa_apis.TestPWAFeatures" name="test_manifest_has_required_fields" time="0.035" /><testcase classname="tests.test_admin_pwa_apis.TestPWAFeatures" name="test_manifest_has_shortcuts" time="0.039" /><testcase classname="tests.test_admin_pwa_apis.TestPWAFeatures" name="test_service_worker_file_exists" time="0.038" /><testcase classname="tests.test_admin_pwa_apis.TestAdminCRUDOperations" name="test_create_invite" time="0.337" /><testcase classname="tests.test_admin_pwa_apis.TestAdminCRUDOperations" name="test_create_role" time="0.307" /><testcase classname="tests.test_admin_pwa_apis.TestAdminCRUDOperations" name="test_update_settings" time="0.356" /></testsuite></testsuites>