<?xml version="1.0" encoding="utf-8"?><testsuites name="pytest tests"><testsuite name="pytest" errors="0" failures="0" skipped="0" tests="18" time="5.473" timestamp="2026-01-04T12:43:05.203187+00:00" hostname="agent-env-e1327ab7-510f-4711-b3b6-9e28b95bab29"><testcase classname="tests.test_commerce_modules_api.TestCommerceModulesAPI" name="test_catalog_items_list" time="0.320" /><testcase classname="tests.test_commerce_modules_api.TestCommerceModulesAPI" name="test_catalog_items_search" time="0.289" /><testcase classname="tests.test_commerce_modules_api.TestCommerceModulesAPI" name="test_catalog_pricing_list" time="0.322" /><testcase classname="tests.test_commerce_modules_api.TestCommerceModulesAPI" name="test_catalog_costing_list" time="0.268" /><testcase classname="tests.test_commerce_modules_api.TestCommerceModulesAPI" name="test_catalog_rules_list" time="0.319" /><testcase classname="tests.test_commerce_modules_api.TestCommerceModulesAPI" name="test_catalog_packages_list" time="0.286" /><testcase classname="tests.test_commerce_modules_api.TestCommerceModulesAPI" name="test_governance_policies_list" time="0.290" /><testcase classname="tests.test_commerce_modules_api.TestCommerceModulesAPI" name="test_governance_limits_list" time="0.318" /><testcase classname="tests.test_commerce_modules_api.TestCommerceModulesAPI" name="test_governance_authority_list" time="0.293" /><testcase classname="tests.test_commerce_modules_api.TestCommerceModulesAPI" name="test_governance_risks_list" time="0.277" /><testcase classname="tests.test_commerce_modules_api.TestCommerceModulesAPI" name="test_governance_audits_list" time="0.299" /><testcase classname="tests.test_commerce_modules_api.TestCommerceModulesAPI" name="test_revenue_leads_list" time="0.274" /><testcase classname="tests.test_commerce_modules_api.TestCommerceModulesAPI" name="test_revenue_leads_filter_by_status" time="0.281" /><testcase classname="tests.test_commerce_modules_api.TestCommerceModulesAPI" name="test_procurement_requests_list" time="0.272" /><testcase classname="tests.test_commerce_modules_api.TestCommerceModulesAPI" name="test_procurement_requests_filter_by_status" time="0.268" /><testcase classname="tests.test_commerce_modules_api.TestCommerceModulesAPI" name="test_dashboard_stats" time="0.295" /><testcase classname="tests.test_commerce_modules_api.TestCRUDOperations" name="test_create_and_get_catalog_item" time="0.298" /><testcase classname="tests.test_commerce_modules_api.TestCRUDOperations" name="test_create_and_get_lead" time="0.348" /></testsuite></testsuites>