<?xml version="1.0" encoding="utf-8"?><testsuites name="pytest tests"><testsuite name="pytest" errors="0" failures="0" skipped="0" tests="19" time="1.013" timestamp="2026-01-04T12:29:11.791853+00:00" hostname="agent-env-8f45942f-5d54-4f2f-8005-2180a44a5f6f"><testcase classname="tests.test_commerce_modules.TestCatalogItems" name="test_get_catalog_items_success" time="0.087" /><testcase classname="tests.test_commerce_modules.TestCatalogItems" name="test_catalog_items_have_required_fields" time="0.034" /><testcase classname="tests.test_commerce_modules.TestCatalogItems" name="test_catalog_items_stats_calculation" time="0.034" /><testcase classname="tests.test_commerce_modules.TestCatalogItems" name="test_catalog_items_search_filter" time="0.048" /><testcase classname="tests.test_commerce_modules.TestCatalogItems" name="test_catalog_items_category_filter" time="0.038" /><testcase classname="tests.test_commerce_modules.TestGovernancePolicies" name="test_get_policies_success" time="0.036" /><testcase classname="tests.test_commerce_modules.TestGovernancePolicies" name="test_policies_have_required_fields" time="0.037" /><testcase classname="tests.test_commerce_modules.TestGovernancePolicies" name="test_policies_stats_calculation" time="0.035" /><testcase classname="tests.test_commerce_modules.TestGovernancePolicies" name="test_policies_status_filter" time="0.035" /><testcase classname="tests.test_commerce_modules.TestDashboardStats" name="test_get_dashboard_stats_success" time="0.044" /><testcase classname="tests.test_commerce_modules.TestDashboardStats" name="test_dashboard_stats_structure" time="0.042" /><testcase classname="tests.test_commerce_modules.TestDashboardStats" name="test_catalog_stats_fields" time="0.084" /><testcase classname="tests.test_commerce_modules.TestDashboardStats" name="test_governance_stats_fields" time="0.043" /><testcase classname="tests.test_commerce_modules.TestCatalogCRUD" name="test_create_catalog_item" time="0.041" /><testcase classname="tests.test_commerce_modules.TestCatalogCRUD" name="test_get_created_item" time="0.035" /><testcase classname="tests.test_commerce_modules.TestCatalogCRUD" name="test_delete_created_item" time="0.110" /><testcase classname="tests.test_commerce_modules.TestGovernanceCRUD" name="test_create_policy" time="0.035" /><testcase classname="tests.test_commerce_modules.TestGovernanceCRUD" name="test_get_created_policy" time="0.035" /><testcase classname="tests.test_commerce_modules.TestGovernanceCRUD" name="test_delete_created_policy" time="0.075" /></testsuite></testsuites>