<?xml version="1.0" encoding="utf-8"?><testsuites name="pytest tests"><testsuite name="pytest" errors="0" failures="0" skipped="0" tests="24" time="2.415" timestamp="2026-01-07T14:15:13.574937+00:00" hostname="agent-env-4b85d66f-03a9-46bc-92c5-c7f357075975"><testcase classname="tests.test_enhanced_leads.TestLeadDashboardStats" name="test_dashboard_stats_endpoint" time="0.079" /><testcase classname="tests.test_enhanced_leads.TestLeadCRUD" name="test_get_all_leads" time="0.049" /><testcase classname="tests.test_enhanced_leads.TestLeadCRUD" name="test_filter_leads_by_status" time="0.045" /><testcase classname="tests.test_enhanced_leads.TestLeadCRUD" name="test_filter_leads_by_source" time="0.037" /><testcase classname="tests.test_enhanced_leads.TestLeadCRUD" name="test_filter_leads_by_rating" time="0.044" /><testcase classname="tests.test_enhanced_leads.TestLeadCRUD" name="test_get_lead_by_id" time="0.085" /><testcase classname="tests.test_enhanced_leads.TestLeadCRUD" name="test_create_lead_with_enhanced_fields" time="0.136" /><testcase classname="tests.test_enhanced_leads.TestLeadCRUD" name="test_update_lead" time="0.178" /><testcase classname="tests.test_enhanced_leads.TestLeadCRUD" name="test_delete_lead" time="0.121" /><testcase classname="tests.test_enhanced_leads.TestLeadScoring" name="test_calculate_lead_score" time="0.084" /><testcase classname="tests.test_enhanced_leads.TestLeadScoring" name="test_recalculate_all_scores" time="0.046" /><testcase classname="tests.test_enhanced_leads.TestLeadActivities" name="test_get_lead_activities" time="0.086" /><testcase classname="tests.test_enhanced_leads.TestLeadActivities" name="test_create_activity" time="0.159" /><testcase classname="tests.test_enhanced_leads.TestLeadDeals" name="test_get_lead_deals" time="0.080" /><testcase classname="tests.test_enhanced_leads.TestLeadDeals" name="test_create_deal" time="0.119" /><testcase classname="tests.test_enhanced_leads.TestLeadDeals" name="test_get_all_deals" time="0.040" /><testcase classname="tests.test_enhanced_leads.TestLeadConversion" name="test_convert_lead" time="0.189" /><testcase classname="tests.test_enhanced_leads.TestLifecycleStage" name="test_update_lifecycle_stage" time="0.191" /><testcase classname="tests.test_enhanced_leads.TestLifecycleStage" name="test_invalid_lifecycle_stage" time="0.078" /><testcase classname="tests.test_enhanced_leads.TestEngagementTracking" name="test_track_email_open" time="0.131" /><testcase classname="tests.test_enhanced_leads.TestEngagementTracking" name="test_track_website_visit" time="0.078" /><testcase classname="tests.test_enhanced_leads.TestEngagementTracking" name="test_invalid_engagement_type" time="0.077" /><testcase classname="tests.test_enhanced_leads.TestLeadTimeline" name="test_get_lead_timeline" time="0.077" /><testcase classname="tests.test_enhanced_leads.TestSeedData" name="test_seed_enhanced_leads" time="0.094" /></testsuite></testsuites>