<?xml version="1.0" encoding="utf-8"?><testsuites name="pytest tests"><testsuite name="pytest" errors="0" failures="1" skipped="0" tests="32" time="2.021" timestamp="2026-01-13T09:34:52.021595+00:00" hostname="agent-env-55e9a62e-ca39-495a-b7a6-c4f27bc2e2ff"><testcase classname="tests.test_enterprise_features.TestGlobalSearchAPI" name="test_global_search_basic" time="0.348" /><testcase classname="tests.test_enterprise_features.TestGlobalSearchAPI" name="test_global_search_with_module_filter" time="0.050" /><testcase classname="tests.test_enterprise_features.TestGlobalSearchAPI" name="test_global_search_min_query_length" time="0.080" /><testcase classname="tests.test_enterprise_features.TestGlobalSearchAPI" name="test_search_suggestions" time="0.048" /><testcase classname="tests.test_enterprise_features.TestGlobalSearchAPI" name="test_recent_searches" time="0.081" /><testcase classname="tests.test_enterprise_features.TestGlobalSearchAPI" name="test_log_search" time="0.054" /><testcase classname="tests.test_enterprise_features.TestActivityFeedAPI" name="test_seed_activity_data" time="0.046" /><testcase classname="tests.test_enterprise_features.TestActivityFeedAPI" name="test_get_activity_feed" time="0.041" /><testcase classname="tests.test_enterprise_features.TestActivityFeedAPI" name="test_get_activity_feed_with_module_filter" time="0.043" /><testcase classname="tests.test_enterprise_features.TestActivityFeedAPI" name="test_get_activity_stats" time="0.043" /><testcase classname="tests.test_enterprise_features.TestActivityFeedAPI" name="test_log_activity" time="0.044" /><testcase classname="tests.test_enterprise_features.TestActivityFeedAPI" name="test_get_entity_activity" time="0.048" /><testcase classname="tests.test_enterprise_features.TestDashboardWidgetsAPI" name="test_get_available_widgets" time="0.037" /><testcase classname="tests.test_enterprise_features.TestDashboardWidgetsAPI" name="test_get_dashboard_layout" time="0.041" /><testcase classname="tests.test_enterprise_features.TestDashboardWidgetsAPI" name="test_get_widget_data_kpi_revenue" time="0.082" /><testcase classname="tests.test_enterprise_features.TestDashboardWidgetsAPI" name="test_get_widget_data_kpi_leads" time="0.044" /><testcase classname="tests.test_enterprise_features.TestDashboardWidgetsAPI" name="test_get_widget_data_recent_activity" time="0.041" /><testcase classname="tests.test_enterprise_features.TestDashboardWidgetsAPI" name="test_get_widget_data_tasks_list" time="0.044" /><testcase classname="tests.test_enterprise_features.TestDashboardWidgetsAPI" name="test_get_widget_data_signals_list" time="0.042" /><testcase classname="tests.test_enterprise_features.TestDashboardWidgetsAPI" name="test_get_widget_data_pipeline_funnel" time="0.041" /><testcase classname="tests.test_enterprise_features.TestDashboardWidgetsAPI" name="test_get_widget_data_quick_actions" time="0.039" /><testcase classname="tests.test_enterprise_features.TestDashboardWidgetsAPI" name="test_add_widget" time="0.057" /><testcase classname="tests.test_enterprise_features.TestDashboardWidgetsAPI" name="test_remove_widget" time="0.083" /><testcase classname="tests.test_enterprise_features.TestDashboardWidgetsAPI" name="test_save_dashboard_layout" time="0.078" /><testcase classname="tests.test_enterprise_features.TestBulkActionsAPI" name="test_get_bulk_count_leads" time="0.040" /><testcase classname="tests.test_enterprise_features.TestBulkActionsAPI" name="test_get_bulk_count_customers" time="0.042" /><testcase classname="tests.test_enterprise_features.TestBulkActionsAPI" name="test_get_bulk_count_invoices" time="0.042" /><testcase classname="tests.test_enterprise_features.TestBulkActionsAPI" name="test_get_bulk_count_with_status_filter" time="0.047" /><testcase classname="tests.test_enterprise_features.TestBulkActionsAPI" name="test_get_bulk_count_invalid_entity" time="0.039" /><testcase classname="tests.test_enterprise_features.TestBulkActionsAPI" name="test_bulk_export_json" time="0.044" /><testcase classname="tests.test_enterprise_features.TestBulkActionsAPI" name="test_bulk_export_csv" time="0.039"><failure message="assert 520 == 200&#10; +  where 520 = &lt;Response [520]&gt;.status_code">tests/test_enterprise_features.py:465: in test_bulk_export_csv
    assert response.status_code == 200
E   assert 520 == 200
E    +  where 520 = &lt;Response [520]&gt;.status_code</failure></testcase><testcase classname="tests.test_enterprise_features.TestNotificationCenter" name="test_notification_endpoint_exists" time="0.043" /></testsuite></testsuites>