<?xml version="1.0" encoding="utf-8"?><testsuites name="pytest tests"><testsuite name="pytest" errors="0" failures="0" skipped="0" tests="20" time="2.698" timestamp="2026-01-09T17:47:27.624660+00:00" hostname="agent-env-bd6a2a2e-b63e-4aa4-b075-35b7fa764bdd"><testcase classname="tests.test_gst_finance_notifications.TestAuth" name="test_login_success" time="0.316" /><testcase classname="tests.test_gst_finance_notifications.TestGSTDashboard" name="test_gst_dashboard_returns_200" time="0.304" /><testcase classname="tests.test_gst_finance_notifications.TestGSTDashboard" name="test_gst_dashboard_response_structure" time="0.036" /><testcase classname="tests.test_gst_finance_notifications.TestGSTDashboard" name="test_gst_dashboard_unauthorized" time="0.035" /><testcase classname="tests.test_gst_finance_notifications.TestGSTR1" name="test_gstr1_returns_200" time="0.302" /><testcase classname="tests.test_gst_finance_notifications.TestGSTR1" name="test_gstr1_response_structure" time="0.043" /><testcase classname="tests.test_gst_finance_notifications.TestGSTR1" name="test_gstr1_sections_structure" time="0.041" /><testcase classname="tests.test_gst_finance_notifications.TestGSTR1" name="test_gstr1_tax_breakdown" time="0.043" /><testcase classname="tests.test_gst_finance_notifications.TestGSTR3B" name="test_gstr3b_returns_200" time="0.300" /><testcase classname="tests.test_gst_finance_notifications.TestGSTR3B" name="test_gstr3b_response_structure" time="0.041" /><testcase classname="tests.test_gst_finance_notifications.TestGSTR3B" name="test_gstr3b_sections_structure" time="0.039" /><testcase classname="tests.test_gst_finance_notifications.TestGSTR3B" name="test_gstr3b_summary_structure" time="0.040" /><testcase classname="tests.test_gst_finance_notifications.TestGSTR3B" name="test_gstr3b_section_6_payment" time="0.039" /><testcase classname="tests.test_gst_finance_notifications.TestFinanceNotifications" name="test_notifications_returns_200" time="0.299" /><testcase classname="tests.test_gst_finance_notifications.TestFinanceNotifications" name="test_notifications_response_structure" time="0.039" /><testcase classname="tests.test_gst_finance_notifications.TestFinanceNotifications" name="test_notifications_item_structure" time="0.039" /><testcase classname="tests.test_gst_finance_notifications.TestFinanceNotifications" name="test_notifications_unauthorized" time="0.041" /><testcase classname="tests.test_gst_finance_notifications.TestCheckAlerts" name="test_check_alerts_returns_200" time="0.297" /><testcase classname="tests.test_gst_finance_notifications.TestCheckAlerts" name="test_check_alerts_response_structure" time="0.041" /><testcase classname="tests.test_gst_finance_notifications.TestTaxDashboardGSTLink" name="test_tax_transactions_endpoint_exists" time="0.300" /></testsuite></testsuites>