<?xml version="1.0" encoding="utf-8"?><testsuites name="pytest tests"><testsuite name="pytest" errors="0" failures="0" skipped="0" tests="41" time="2.183" timestamp="2026-01-09T20:24:50.012905+00:00" hostname="agent-env-6f7ecad5-dae7-43f4-acc9-1b965677ca53"><testcase classname="tests.test_ib_capital_apis.TestIBCapitalSeed" name="test_seed_data" time="0.087" /><testcase classname="tests.test_ib_capital_apis.TestIBCapitalDashboard" name="test_get_dashboard" time="0.041" /><testcase classname="tests.test_ib_capital_apis.TestOwnershipModule" name="test_get_owners" time="0.038" /><testcase classname="tests.test_ib_capital_apis.TestOwnershipModule" name="test_get_owners_filter_by_status" time="0.040" /><testcase classname="tests.test_ib_capital_apis.TestOwnershipModule" name="test_get_owner_detail" time="0.084" /><testcase classname="tests.test_ib_capital_apis.TestOwnershipModule" name="test_get_owner_not_found" time="0.041" /><testcase classname="tests.test_ib_capital_apis.TestOwnershipModule" name="test_create_owner" time="0.042" /><testcase classname="tests.test_ib_capital_apis.TestOwnershipModule" name="test_get_cap_table" time="0.041" /><testcase classname="tests.test_ib_capital_apis.TestOwnershipModule" name="test_get_instruments" time="0.040" /><testcase classname="tests.test_ib_capital_apis.TestOwnershipModule" name="test_get_ownership_lots" time="0.082" /><testcase classname="tests.test_ib_capital_apis.TestEquityModule" name="test_get_funding_rounds" time="0.041" /><testcase classname="tests.test_ib_capital_apis.TestEquityModule" name="test_get_funding_rounds_filter_by_status" time="0.041" /><testcase classname="tests.test_ib_capital_apis.TestEquityModule" name="test_get_funding_round_detail" time="0.076" /><testcase classname="tests.test_ib_capital_apis.TestEquityModule" name="test_get_funding_round_not_found" time="0.037" /><testcase classname="tests.test_ib_capital_apis.TestEquityModule" name="test_create_funding_round" time="0.073" /><testcase classname="tests.test_ib_capital_apis.TestEquityModule" name="test_get_equity_issues" time="0.079" /><testcase classname="tests.test_ib_capital_apis.TestEquityModule" name="test_get_dilution_analysis" time="0.070" /><testcase classname="tests.test_ib_capital_apis.TestDebtModule" name="test_get_debts" time="0.038" /><testcase classname="tests.test_ib_capital_apis.TestDebtModule" name="test_get_debts_filter_by_status" time="0.037" /><testcase classname="tests.test_ib_capital_apis.TestDebtModule" name="test_get_debt_detail" time="0.074" /><testcase classname="tests.test_ib_capital_apis.TestDebtModule" name="test_get_debt_not_found" time="0.037" /><testcase classname="tests.test_ib_capital_apis.TestDebtModule" name="test_create_debt" time="0.078" /><testcase classname="tests.test_ib_capital_apis.TestDebtModule" name="test_get_covenants" time="0.040" /><testcase classname="tests.test_ib_capital_apis.TestTreasuryModule" name="test_get_treasury_accounts" time="0.042" /><testcase classname="tests.test_ib_capital_apis.TestTreasuryModule" name="test_get_treasury_account_detail" time="0.081" /><testcase classname="tests.test_ib_capital_apis.TestTreasuryModule" name="test_get_treasury_account_not_found" time="0.036" /><testcase classname="tests.test_ib_capital_apis.TestTreasuryModule" name="test_create_treasury_account" time="0.032" /><testcase classname="tests.test_ib_capital_apis.TestTreasuryModule" name="test_get_cash_inflows" time="0.077" /><testcase classname="tests.test_ib_capital_apis.TestTreasuryModule" name="test_get_cash_outflows" time="0.034" /><testcase classname="tests.test_ib_capital_apis.TestTreasuryModule" name="test_get_liquidity_position" time="0.035" /><testcase classname="tests.test_ib_capital_apis.TestReturnsModule" name="test_get_returns" time="0.037" /><testcase classname="tests.test_ib_capital_apis.TestReturnsModule" name="test_get_returns_filter_by_type" time="0.037" /><testcase classname="tests.test_ib_capital_apis.TestReturnsModule" name="test_get_return_detail" time="0.075" /><testcase classname="tests.test_ib_capital_apis.TestReturnsModule" name="test_create_return_declaration" time="0.036" /><testcase classname="tests.test_ib_capital_apis.TestGovernanceModule" name="test_get_governance_rules" time="0.041" /><testcase classname="tests.test_ib_capital_apis.TestGovernanceModule" name="test_get_governance_rules_filter" time="0.039" /><testcase classname="tests.test_ib_capital_apis.TestGovernanceModule" name="test_create_governance_rule" time="0.041" /><testcase classname="tests.test_ib_capital_apis.TestGovernanceModule" name="test_get_approvals" time="0.035" /><testcase classname="tests.test_ib_capital_apis.TestGovernanceModule" name="test_get_approvals_filter_by_decision" time="0.039" /><testcase classname="tests.test_ib_capital_apis.TestGovernanceModule" name="test_create_approval" time="0.040" /><testcase classname="tests.test_ib_capital_apis.TestGovernanceModule" name="test_get_authority_matrix" time="0.036" /></testsuite></testsuites>