<?xml version="1.0" encoding="utf-8"?><testsuites name="pytest tests"><testsuite name="pytest" errors="0" failures="0" skipped="0" tests="23" time="3.764" timestamp="2026-01-09T21:40:34.004914+00:00" hostname="agent-env-d51610d3-c551-4a9e-b9c7-9faa9bb4ea9c"><testcase classname="tests.test_ib_capital_esop_conversion.TestAuthentication" name="test_login_success" time="0.315" /><testcase classname="tests.test_ib_capital_esop_conversion.TestESOPDashboard" name="test_esop_dashboard_returns_200" time="0.305" /><testcase classname="tests.test_ib_capital_esop_conversion.TestESOPDashboard" name="test_esop_dashboard_has_required_fields" time="0.048" /><testcase classname="tests.test_ib_capital_esop_conversion.TestESOPGrants" name="test_esop_grants_list_returns_200" time="0.344" /><testcase classname="tests.test_ib_capital_esop_conversion.TestESOPGrants" name="test_esop_grants_list_has_grants_array" time="0.040" /><testcase classname="tests.test_ib_capital_esop_conversion.TestESOPGrants" name="test_esop_grants_have_required_fields" time="0.041" /><testcase classname="tests.test_ib_capital_esop_conversion.TestESOPGrantDetail" name="test_esop_grant_detail_returns_200" time="0.353" /><testcase classname="tests.test_ib_capital_esop_conversion.TestESOPGrantDetail" name="test_esop_grant_detail_has_vesting_events" time="0.043" /><testcase classname="tests.test_ib_capital_esop_conversion.TestESOPGrantDetail" name="test_esop_grant_detail_has_upcoming_vesting" time="0.038" /><testcase classname="tests.test_ib_capital_esop_conversion.TestESOPGrantDetail" name="test_esop_grant_not_found_returns_404" time="0.034" /><testcase classname="tests.test_ib_capital_esop_conversion.TestESOPVesting" name="test_esop_vest_returns_200" time="0.335" /><testcase classname="tests.test_ib_capital_esop_conversion.TestESOPVesting" name="test_esop_vest_returns_message" time="0.045" /><testcase classname="tests.test_ib_capital_esop_conversion.TestESOPExercise" name="test_esop_exercise_with_valid_amount" time="0.338" /><testcase classname="tests.test_ib_capital_esop_conversion.TestESOPExercise" name="test_esop_exercise_exceeds_available_returns_400" time="0.081" /><testcase classname="tests.test_ib_capital_esop_conversion.TestConvertibleNoteConversionPreview" name="test_conversion_preview_returns_200" time="0.337" /><testcase classname="tests.test_ib_capital_esop_conversion.TestConvertibleNoteConversionPreview" name="test_conversion_preview_has_required_fields" time="0.041" /><testcase classname="tests.test_ib_capital_esop_conversion.TestConvertibleNoteConversionPreview" name="test_conversion_preview_with_custom_params" time="0.039" /><testcase classname="tests.test_ib_capital_esop_conversion.TestConvertibleNoteConversionPreview" name="test_conversion_preview_non_convertible_returns_400" time="0.078" /><testcase classname="tests.test_ib_capital_esop_conversion.TestConvertibleNoteConversion" name="test_conversion_returns_200" time="0.347" /><testcase classname="tests.test_ib_capital_esop_conversion.TestConvertibleNoteConversion" name="test_conversion_returns_details" time="0.039" /><testcase classname="tests.test_ib_capital_esop_conversion.TestConvertibleNoteConversion" name="test_conversion_already_converted_returns_400" time="0.039" /><testcase classname="tests.test_ib_capital_esop_conversion.TestDebtInstrumentDetail" name="test_debt_instruments_list" time="0.342" /><testcase classname="tests.test_ib_capital_esop_conversion.TestDebtInstrumentDetail" name="test_debt_instrument_detail" time="0.073" /></testsuite></testsuites>