<?xml version="1.0" encoding="utf-8"?><testsuites name="pytest tests"><testsuite name="pytest" errors="0" failures="0" skipped="0" tests="15" time="4.415" timestamp="2026-01-09T21:20:21.422828+00:00" hostname="agent-env-d51610d3-c551-4a9e-b9c7-9faa9bb4ea9c"><testcase classname="tests.test_ib_capital_detail_pages.TestIBCapitalDetailPages" name="test_get_treasury_accounts_list" time="0.311" /><testcase classname="tests.test_ib_capital_detail_pages.TestIBCapitalDetailPages" name="test_get_treasury_account_detail" time="0.288" /><testcase classname="tests.test_ib_capital_detail_pages.TestIBCapitalDetailPages" name="test_get_treasury_account_not_found" time="0.270" /><testcase classname="tests.test_ib_capital_detail_pages.TestIBCapitalDetailPages" name="test_get_governance_approvals_list" time="0.273" /><testcase classname="tests.test_ib_capital_detail_pages.TestIBCapitalDetailPages" name="test_get_governance_approval_detail" time="0.273" /><testcase classname="tests.test_ib_capital_detail_pages.TestIBCapitalDetailPages" name="test_get_governance_approval_not_found" time="0.319" /><testcase classname="tests.test_ib_capital_detail_pages.TestIBCapitalDetailPages" name="test_approve_governance_approval" time="0.285" /><testcase classname="tests.test_ib_capital_detail_pages.TestIBCapitalDetailPages" name="test_reject_governance_approval" time="0.323" /><testcase classname="tests.test_ib_capital_detail_pages.TestIBCapitalDetailPages" name="test_get_governance_rules_list" time="0.273" /><testcase classname="tests.test_ib_capital_detail_pages.TestIBCapitalDetailPages" name="test_get_governance_rule_detail_via_list" time="0.273" /><testcase classname="tests.test_ib_capital_detail_pages.TestIBCapitalDetailPages" name="test_update_governance_rule" time="0.276" /><testcase classname="tests.test_ib_capital_detail_pages.TestIBCapitalDetailPages" name="test_deactivate_governance_rule" time="0.284" /><testcase classname="tests.test_ib_capital_detail_pages.TestIBCapitalDetailPages" name="test_ib_capital_dashboard" time="0.276" /><testcase classname="tests.test_ib_capital_detail_pages.TestIBCapitalDetailPages" name="test_treasury_liquidity" time="0.313" /><testcase classname="tests.test_ib_capital_detail_pages.TestIBCapitalDetailPages" name="test_governance_authority_matrix" time="0.288" /></testsuite></testsuites>