<?xml version="1.0" encoding="utf-8"?><testsuites name="pytest tests"><testsuite name="pytest" errors="0" failures="0" skipped="3" tests="24" time="2.838" timestamp="2026-01-09T16:07:52.094886+00:00" hostname="agent-env-25421577-8c3d-486b-9641-5b4fed6c7416"><testcase classname="tests.test_ib_finance_new_features.TestBillingDetailAndWorkflow" name="test_create_billing_for_workflow" time="0.358" /><testcase classname="tests.test_ib_finance_new_features.TestBillingDetailAndWorkflow" name="test_get_billing_detail" time="0.041" /><testcase classname="tests.test_ib_finance_new_features.TestBillingDetailAndWorkflow" name="test_approve_billing" time="0.081" /><testcase classname="tests.test_ib_finance_new_features.TestBillingDetailAndWorkflow" name="test_issue_billing" time="0.082" /><testcase classname="tests.test_ib_finance_new_features.TestAssetDetailAndWorkflow" name="test_create_asset_for_workflow" time="0.350" /><testcase classname="tests.test_ib_finance_new_features.TestAssetDetailAndWorkflow" name="test_get_asset_detail" time="0.039" /><testcase classname="tests.test_ib_finance_new_features.TestAssetDetailAndWorkflow" name="test_run_depreciation" time="0.039" /><testcase classname="tests.test_ib_finance_new_features.TestAssetDetailAndWorkflow" name="test_dispose_asset" time="0.118" /><testcase classname="tests.test_ib_finance_new_features.TestJournalCreateWithValidation" name="test_create_balanced_journal" time="0.309" /><testcase classname="tests.test_ib_finance_new_features.TestJournalCreateWithValidation" name="test_create_unbalanced_journal_fails" time="0.037" /><testcase classname="tests.test_ib_finance_new_features.TestJournalCreateWithValidation" name="test_create_multi_line_journal" time="0.041" /><testcase classname="tests.test_ib_finance_new_features.TestFinancialStatements" name="test_get_profit_and_loss" time="0.000"><skipped type="pytest.skip" message="Financial statements endpoints not yet implemented - /api/ib-finance/close/statements/* routes missing">/app/tests/test_ib_finance_new_features.py:293: Financial statements endpoints not yet implemented - /api/ib-finance/close/statements/* routes missing</skipped></testcase><testcase classname="tests.test_ib_finance_new_features.TestFinancialStatements" name="test_get_balance_sheet" time="0.000"><skipped type="pytest.skip" message="Financial statements endpoints not yet implemented - /api/ib-finance/close/statements/* routes missing">/app/tests/test_ib_finance_new_features.py:305: Financial statements endpoints not yet implemented - /api/ib-finance/close/statements/* routes missing</skipped></testcase><testcase classname="tests.test_ib_finance_new_features.TestFinancialStatements" name="test_get_cash_flow" time="0.000"><skipped type="pytest.skip" message="Financial statements endpoints not yet implemented - /api/ib-finance/close/statements/* routes missing">/app/tests/test_ib_finance_new_features.py:317: Financial statements endpoints not yet implemented - /api/ib-finance/close/statements/* routes missing</skipped></testcase><testcase classname="tests.test_ib_finance_new_features.TestCommerceIntegration" name="test_contract_handoff" time="0.300" /><testcase classname="tests.test_ib_finance_new_features.TestCommerceIntegration" name="test_milestone_complete" time="0.041" /><testcase classname="tests.test_ib_finance_new_features.TestCommerceIntegration" name="test_vendor_invoice" time="0.040" /><testcase classname="tests.test_ib_finance_new_features.TestFinanceAlerts" name="test_get_finance_alerts" time="0.302" /><testcase classname="tests.test_ib_finance_new_features.TestFinanceAlerts" name="test_get_alerts_by_type" time="0.043" /><testcase classname="tests.test_ib_finance_new_features.TestFinanceAlerts" name="test_get_alerts_by_severity" time="0.039" /><testcase classname="tests.test_ib_finance_new_features.TestNavigationRoutes" name="test_billing_list_accessible" time="0.309" /><testcase classname="tests.test_ib_finance_new_features.TestNavigationRoutes" name="test_assets_list_accessible" time="0.040" /><testcase classname="tests.test_ib_finance_new_features.TestNavigationRoutes" name="test_ledger_accounts_accessible" time="0.041" /><testcase classname="tests.test_ib_finance_new_features.TestNavigationRoutes" name="test_close_periods_accessible" time="0.076" /></testsuite></testsuites>