<?xml version="1.0" encoding="utf-8"?><testsuites name="pytest tests"><testsuite name="pytest" errors="0" failures="1" skipped="0" tests="18" time="5.718" timestamp="2026-01-09T17:06:54.642537+00:00" hostname="agent-env-23a4e126-e435-4354-86a8-003c0b3e7cfe"><testcase classname="tests.test_ib_finance_p1_future.TestIBFinanceP1Features" name="test_delete_billing_draft_success" time="0.354" /><testcase classname="tests.test_ib_finance_p1_future.TestIBFinanceP1Features" name="test_delete_billing_approved_fails" time="0.348" /><testcase classname="tests.test_ib_finance_p1_future.TestIBFinanceP1Features" name="test_delete_receivable_open_success" time="0.326" /><testcase classname="tests.test_ib_finance_p1_future.TestIBFinanceP1Features" name="test_delete_payable_open_success" time="0.291" /><testcase classname="tests.test_ib_finance_p1_future.TestIBFinanceP1Features" name="test_delete_payable_paid_fails" time="0.276" /><testcase classname="tests.test_ib_finance_p1_future.TestIBFinanceP1Features" name="test_delete_asset_no_depreciation_success" time="0.330" /><testcase classname="tests.test_ib_finance_p1_future.TestIBFinanceP1Features" name="test_delete_journal_draft_success" time="0.289" /><testcase classname="tests.test_ib_finance_p1_future.TestIBFinanceP1Features" name="test_delete_journal_posted_fails" time="0.308" /><testcase classname="tests.test_ib_finance_p1_future.TestIBFinanceP1Features" name="test_delete_tax_transaction_pending_success" time="0.289"><failure message="assert 400 == 200&#10; +  where 400 = &lt;Response [400]&gt;.status_code">tests/test_ib_finance_p1_future.py:211: in test_delete_tax_transaction_pending_success
    assert delete_response.status_code == 200
E   assert 400 == 200
E    +  where 400 = &lt;Response [400]&gt;.status_code</failure></testcase><testcase classname="tests.test_ib_finance_p1_future.TestIBFinanceP1Features" name="test_billing_with_tax_creates_output_tax" time="0.272" /><testcase classname="tests.test_ib_finance_p1_future.TestIBFinanceP1Features" name="test_billing_with_tax_zero_tax_no_tax_txn" time="0.319" /><testcase classname="tests.test_ib_finance_p1_future.TestIBFinanceP1Features" name="test_payables_with_tax_creates_input_tax" time="0.270" /><testcase classname="tests.test_ib_finance_p1_future.TestIBFinanceP1Features" name="test_tax_auto_summary_returns_breakdown" time="0.277" /><testcase classname="tests.test_ib_finance_p1_future.TestIBFinanceP1Features" name="test_tax_auto_summary_default_period" time="0.276" /><testcase classname="tests.test_ib_finance_p1_future.TestIBFinanceP1Features" name="test_receivable_update_success" time="0.374" /><testcase classname="tests.test_ib_finance_p1_future.TestIBFinanceP1Features" name="test_payable_update_success" time="0.332" /><testcase classname="tests.test_ib_finance_p1_future.TestIBFinanceP1Features" name="test_tax_transaction_update_success" time="0.282" /><testcase classname="tests.test_ib_finance_p1_future.TestIBFinanceP1Features" name="test_tax_transaction_get_by_id_missing" time="0.380" /></testsuite></testsuites>