<?xml version="1.0" encoding="utf-8"?><testsuites name="pytest tests"><testsuite name="pytest" errors="0" failures="0" skipped="0" tests="24" time="3.720" timestamp="2026-01-09T15:39:42.898577+00:00" hostname="agent-env-25421577-8c3d-486b-9641-5b4fed6c7416"><testcase classname="tests.test_ib_finance_apis.TestIBFinanceDashboard" name="test_get_finance_dashboard" time="0.406" /><testcase classname="tests.test_ib_finance_apis.TestBillingModule" name="test_get_billing_records" time="0.314" /><testcase classname="tests.test_ib_finance_apis.TestBillingModule" name="test_get_billing_records_by_status" time="0.049" /><testcase classname="tests.test_ib_finance_apis.TestBillingModule" name="test_create_billing_record" time="0.047" /><testcase classname="tests.test_ib_finance_apis.TestReceivablesModule" name="test_get_receivables" time="0.316" /><testcase classname="tests.test_ib_finance_apis.TestReceivablesModule" name="test_get_receivables_dashboard" time="0.082" /><testcase classname="tests.test_ib_finance_apis.TestReceivablesModule" name="test_record_payment_receipt" time="0.051" /><testcase classname="tests.test_ib_finance_apis.TestPayablesModule" name="test_get_payables" time="0.312" /><testcase classname="tests.test_ib_finance_apis.TestPayablesModule" name="test_get_payables_dashboard" time="0.036" /><testcase classname="tests.test_ib_finance_apis.TestPayablesModule" name="test_create_payable" time="0.038" /><testcase classname="tests.test_ib_finance_apis.TestLedgerModule" name="test_get_chart_of_accounts" time="0.295" /><testcase classname="tests.test_ib_finance_apis.TestLedgerModule" name="test_get_journal_entries" time="0.040" /><testcase classname="tests.test_ib_finance_apis.TestLedgerModule" name="test_create_account" time="0.039" /><testcase classname="tests.test_ib_finance_apis.TestLedgerModule" name="test_create_journal_entry" time="0.056" /><testcase classname="tests.test_ib_finance_apis.TestLedgerModule" name="test_get_trial_balance" time="0.051" /><testcase classname="tests.test_ib_finance_apis.TestAssetsModule" name="test_get_assets" time="0.301" /><testcase classname="tests.test_ib_finance_apis.TestAssetsModule" name="test_get_assets_by_type" time="0.038" /><testcase classname="tests.test_ib_finance_apis.TestAssetsModule" name="test_create_asset" time="0.037" /><testcase classname="tests.test_ib_finance_apis.TestTaxModule" name="test_get_tax_dashboard" time="0.300" /><testcase classname="tests.test_ib_finance_apis.TestTaxModule" name="test_get_tax_transactions" time="0.084" /><testcase classname="tests.test_ib_finance_apis.TestTaxModule" name="test_get_tax_registrations" time="0.042" /><testcase classname="tests.test_ib_finance_apis.TestCloseModule" name="test_get_accounting_periods" time="0.324" /><testcase classname="tests.test_ib_finance_apis.TestCloseModule" name="test_get_close_checklist" time="0.033" /><testcase classname="tests.test_ib_finance_apis.TestSeedData" name="test_seed_finance_data" time="0.307" /></testsuite></testsuites>