<?xml version="1.0" encoding="utf-8"?><testsuites name="pytest tests"><testsuite name="pytest" errors="0" failures="0" skipped="0" tests="24" time="4.039" timestamp="2026-01-09T16:45:54.166638+00:00" hostname="agent-env-23a4e126-e435-4354-86a8-003c0b3e7cfe"><testcase classname="tests.test_ib_finance_p0_p1_features.TestFinancialStatementsAPI" name="test_get_profit_loss_statement" time="0.347" /><testcase classname="tests.test_ib_finance_p0_p1_features.TestFinancialStatementsAPI" name="test_get_balance_sheet" time="0.047" /><testcase classname="tests.test_ib_finance_p0_p1_features.TestFinancialStatementsAPI" name="test_get_cash_flow_statement" time="0.052" /><testcase classname="tests.test_ib_finance_p0_p1_features.TestBillingCRUD" name="test_get_billing_list" time="0.315" /><testcase classname="tests.test_ib_finance_p0_p1_features.TestBillingCRUD" name="test_create_billing_record" time="0.040" /><testcase classname="tests.test_ib_finance_p0_p1_features.TestBillingCRUD" name="test_update_billing_record" time="0.047" /><testcase classname="tests.test_ib_finance_p0_p1_features.TestBillingCRUD" name="test_update_non_draft_billing_fails" time="0.133" /><testcase classname="tests.test_ib_finance_p0_p1_features.TestAssetsCRUD" name="test_get_assets_list" time="0.304" /><testcase classname="tests.test_ib_finance_p0_p1_features.TestAssetsCRUD" name="test_create_asset" time="0.039" /><testcase classname="tests.test_ib_finance_p0_p1_features.TestAssetsCRUD" name="test_update_asset" time="0.081" /><testcase classname="tests.test_ib_finance_p0_p1_features.TestAssetsCRUD" name="test_update_disposed_asset_fails" time="0.128" /><testcase classname="tests.test_ib_finance_p0_p1_features.TestJournalCRUD" name="test_create_journal_entry" time="0.304" /><testcase classname="tests.test_ib_finance_p0_p1_features.TestJournalCRUD" name="test_update_journal_entry" time="0.043" /><testcase classname="tests.test_ib_finance_p0_p1_features.TestReceivablesCRUD" name="test_get_receivables_list" time="0.339" /><testcase classname="tests.test_ib_finance_p0_p1_features.TestReceivablesCRUD" name="test_update_receivable" time="0.040" /><testcase classname="tests.test_ib_finance_p0_p1_features.TestPayablesCRUD" name="test_get_payables_list" time="0.302" /><testcase classname="tests.test_ib_finance_p0_p1_features.TestPayablesCRUD" name="test_update_payable" time="0.037" /><testcase classname="tests.test_ib_finance_p0_p1_features.TestTaxCRUD" name="test_get_tax_transactions" time="0.302" /><testcase classname="tests.test_ib_finance_p0_p1_features.TestTaxCRUD" name="test_create_tax_transaction" time="0.042" /><testcase classname="tests.test_ib_finance_p0_p1_features.TestLedgerAccountsCRUD" name="test_get_ledger_accounts" time="0.338" /><testcase classname="tests.test_ib_finance_p0_p1_features.TestLedgerAccountsCRUD" name="test_create_ledger_account" time="0.081" /><testcase classname="tests.test_ib_finance_p0_p1_features.TestLedgerAccountsCRUD" name="test_update_ledger_account" time="0.040" /><testcase classname="tests.test_ib_finance_p0_p1_features.TestDataPersistence" name="test_billing_update_persists" time="0.391" /><testcase classname="tests.test_ib_finance_p0_p1_features.TestDataPersistence" name="test_asset_update_persists" time="0.123" /></testsuite></testsuites>