<?xml version="1.0" encoding="utf-8"?><testsuites name="pytest tests"><testsuite name="pytest" errors="0" failures="0" skipped="0" tests="33" time="1.479" timestamp="2026-01-09T19:02:38.654134+00:00" hostname="agent-env-86bfbc36-4568-4a96-8ef8-c4f20350ec46"><testcase classname="tests.test_ib_workforce_apis.TestWorkforceDashboard" name="test_get_dashboard" time="0.367" /><testcase classname="tests.test_ib_workforce_apis.TestPeopleModule" name="test_list_people" time="0.011" /><testcase classname="tests.test_ib_workforce_apis.TestPeopleModule" name="test_list_people_with_status_filter" time="0.011" /><testcase classname="tests.test_ib_workforce_apis.TestPeopleModule" name="test_create_person" time="0.013" /><testcase classname="tests.test_ib_workforce_apis.TestPeopleModule" name="test_get_person_detail" time="0.029" /><testcase classname="tests.test_ib_workforce_apis.TestPeopleModule" name="test_update_person" time="0.034" /><testcase classname="tests.test_ib_workforce_apis.TestPeopleModule" name="test_person_not_found" time="0.056" /><testcase classname="tests.test_ib_workforce_apis.TestPeopleModule" name="test_duplicate_email_rejected" time="0.027" /><testcase classname="tests.test_ib_workforce_apis.TestRolesModule" name="test_list_roles" time="0.015" /><testcase classname="tests.test_ib_workforce_apis.TestRolesModule" name="test_list_roles_with_category_filter" time="0.013" /><testcase classname="tests.test_ib_workforce_apis.TestRolesModule" name="test_create_role" time="0.052" /><testcase classname="tests.test_ib_workforce_apis.TestRolesModule" name="test_get_role_detail" time="0.066" /><testcase classname="tests.test_ib_workforce_apis.TestRolesModule" name="test_update_role" time="0.066" /><testcase classname="tests.test_ib_workforce_apis.TestCapacityModule" name="test_list_capacity_profiles" time="0.011" /><testcase classname="tests.test_ib_workforce_apis.TestCapacityModule" name="test_list_allocations" time="0.051" /><testcase classname="tests.test_ib_workforce_apis.TestCapacityModule" name="test_list_allocations_with_status_filter" time="0.012" /><testcase classname="tests.test_ib_workforce_apis.TestTimeModule" name="test_list_attendance" time="0.051" /><testcase classname="tests.test_ib_workforce_apis.TestTimeModule" name="test_list_time_entries" time="0.010" /><testcase classname="tests.test_ib_workforce_apis.TestTimeModule" name="test_list_timesheets" time="0.012" /><testcase classname="tests.test_ib_workforce_apis.TestTimeModule" name="test_create_time_entry" time="0.029" /><testcase classname="tests.test_ib_workforce_apis.TestPayrollModule" name="test_list_compensation_profiles" time="0.011" /><testcase classname="tests.test_ib_workforce_apis.TestPayrollModule" name="test_list_payruns" time="0.012" /><testcase classname="tests.test_ib_workforce_apis.TestPayrollModule" name="test_list_payslips" time="0.052" /><testcase classname="tests.test_ib_workforce_apis.TestPayrollModule" name="test_create_payrun" time="0.011" /><testcase classname="tests.test_ib_workforce_apis.TestPayrollModule" name="test_calculate_payrun" time="0.088" /><testcase classname="tests.test_ib_workforce_apis.TestPayrollModule" name="test_payrun_workflow" time="0.048" /><testcase classname="tests.test_ib_workforce_apis.TestComplianceModule" name="test_get_compliance_dashboard" time="0.013" /><testcase classname="tests.test_ib_workforce_apis.TestComplianceModule" name="test_list_compliance_documents" time="0.014" /><testcase classname="tests.test_ib_workforce_apis.TestComplianceModule" name="test_list_violations" time="0.051" /><testcase classname="tests.test_ib_workforce_apis.TestComplianceModule" name="test_list_violations_with_status_filter" time="0.012" /><testcase classname="tests.test_ib_workforce_apis.TestSeedData" name="test_seed_data_endpoint" time="0.029" /><testcase classname="tests.test_ib_workforce_apis.TestPersonLifecycle" name="test_activate_person_without_legal_profile" time="0.064" /><testcase classname="tests.test_ib_workforce_apis.TestPersonLifecycle" name="test_suspend_inactive_person_fails" time="0.019" /></testsuite></testsuites>