<?xml version="1.0" encoding="utf-8"?><testsuites name="pytest tests"><testsuite name="pytest" errors="0" failures="0" skipped="0" tests="27" time="48.580" timestamp="2026-01-10T10:22:13.965517+00:00" hostname="agent-env-55e9a62e-ca39-495a-b7a6-c4f27bc2e2ff"><testcase classname="tests.test_intelligence_enhanced.TestIntelligenceAuth" name="test_login_success" time="0.294" /><testcase classname="tests.test_intelligence_enhanced.TestIntelligenceSeed" name="test_seed_intelligence_data" time="0.313" /><testcase classname="tests.test_intelligence_enhanced.TestIntelligenceDashboard" name="test_get_dashboard" time="0.306" /><testcase classname="tests.test_intelligence_enhanced.TestIntelligenceDashboard" name="test_dashboard_summary_structure" time="0.045" /><testcase classname="tests.test_intelligence_enhanced.TestIntelligenceSignals" name="test_get_signals" time="0.302" /><testcase classname="tests.test_intelligence_enhanced.TestIntelligenceSignals" name="test_get_signals_with_severity_filter" time="0.041" /><testcase classname="tests.test_intelligence_enhanced.TestIntelligenceSignals" name="test_get_signals_summary" time="0.040" /><testcase classname="tests.test_intelligence_enhanced.TestIntelligenceSignals" name="test_create_signal" time="0.082" /><testcase classname="tests.test_intelligence_enhanced.TestIntelligenceSignals" name="test_acknowledge_signal" time="0.078" /><testcase classname="tests.test_intelligence_enhanced.TestIntelligenceForecasts" name="test_get_forecasts" time="0.303" /><testcase classname="tests.test_intelligence_enhanced.TestIntelligenceForecasts" name="test_get_forecast_scenarios" time="0.039" /><testcase classname="tests.test_intelligence_enhanced.TestIntelligenceForecasts" name="test_run_simulation" time="21.679" /><testcase classname="tests.test_intelligence_enhanced.TestIntelligenceForecasts" name="test_ai_generate_forecast" time="22.681" /><testcase classname="tests.test_intelligence_enhanced.TestIntelligenceRisks" name="test_get_risks" time="0.354" /><testcase classname="tests.test_intelligence_enhanced.TestIntelligenceRisks" name="test_get_risk_heatmap" time="0.043" /><testcase classname="tests.test_intelligence_enhanced.TestIntelligenceRisks" name="test_create_risk" time="0.040" /><testcase classname="tests.test_intelligence_enhanced.TestIntelligenceRecommendations" name="test_get_recommendations" time="0.307" /><testcase classname="tests.test_intelligence_enhanced.TestIntelligenceRecommendations" name="test_get_recommendations_summary" time="0.040" /><testcase classname="tests.test_intelligence_enhanced.TestIntelligenceRecommendations" name="test_create_recommendation" time="0.040" /><testcase classname="tests.test_intelligence_enhanced.TestIntelligenceRecommendations" name="test_act_on_recommendation" time="0.083" /><testcase classname="tests.test_intelligence_enhanced.TestExecutiveDashboard" name="test_get_executive_dashboard" time="0.316" /><testcase classname="tests.test_intelligence_enhanced.TestIntelligenceMetrics" name="test_get_metrics" time="0.295" /><testcase classname="tests.test_intelligence_enhanced.TestIntelligenceMetrics" name="test_get_metrics_dashboard" time="0.040" /><testcase classname="tests.test_intelligence_enhanced.TestIntelligenceLearning" name="test_get_learning_accuracy" time="0.336" /><testcase classname="tests.test_intelligence_enhanced.TestIntelligenceLearning" name="test_get_learning_records" time="0.038" /><testcase classname="tests.test_intelligence_enhanced.TestMultiTenancy" name="test_signals_have_org_id" time="0.296" /><testcase classname="tests.test_intelligence_enhanced.TestMultiTenancy" name="test_risks_have_org_id" time="0.039" /></testsuite></testsuites>