<?xml version="1.0" encoding="utf-8"?><testsuites name="pytest tests"><testsuite name="pytest" errors="0" failures="0" skipped="0" tests="19" time="5.693" timestamp="2026-01-10T10:42:51.432754+00:00" hostname="agent-env-55e9a62e-ca39-495a-b7a6-c4f27bc2e2ff"><testcase classname="tests.test_intelligence_live_data.TestIntelligenceLiveDataConnection" name="test_connect_finance_endpoint_exists" time="0.336" /><testcase classname="tests.test_intelligence_live_data.TestIntelligenceLiveDataConnection" name="test_connect_finance_creates_signals_from_overdue_receivables" time="0.288" /><testcase classname="tests.test_intelligence_live_data.TestIntelligenceLiveDataConnection" name="test_connect_finance_updates_ar_ap_metrics" time="0.281" /><testcase classname="tests.test_intelligence_live_data.TestIntelligenceLiveDataConnection" name="test_connect_commerce_endpoint_exists" time="0.278" /><testcase classname="tests.test_intelligence_live_data.TestIntelligenceLiveDataConnection" name="test_connect_commerce_creates_signals_from_stale_leads" time="0.332" /><testcase classname="tests.test_intelligence_live_data.TestIntelligenceLiveDataConnection" name="test_connect_commerce_updates_pipeline_metrics" time="0.274" /><testcase classname="tests.test_intelligence_live_data.TestIntelligenceLiveDataConnection" name="test_connect_all_endpoint_exists" time="0.283" /><testcase classname="tests.test_intelligence_live_data.TestIntelligenceLiveDataConnection" name="test_connect_all_syncs_finance_and_commerce" time="0.319" /><testcase classname="tests.test_intelligence_live_data.TestIntelligenceLiveDataConnection" name="test_connect_all_returns_summary" time="0.281" /><testcase classname="tests.test_intelligence_live_data.TestIntelligenceLiveDataConnection" name="test_metrics_updated_from_live_data" time="0.342" /><testcase classname="tests.test_intelligence_live_data.TestIntelligenceLiveDataConnection" name="test_get_specific_metrics_after_sync" time="0.333" /><testcase classname="tests.test_intelligence_live_data.TestIntelligenceLiveDataConnection" name="test_auto_generated_recommendations_for_critical_signals" time="0.297" /><testcase classname="tests.test_intelligence_live_data.TestIntelligenceLiveDataConnection" name="test_recommendations_have_source_signal_id" time="0.284" /><testcase classname="tests.test_intelligence_live_data.TestIntelligenceLiveDataConnection" name="test_executive_dashboard_returns_data" time="0.278" /><testcase classname="tests.test_intelligence_live_data.TestIntelligenceLiveDataConnection" name="test_executive_dashboard_health_score_calculation" time="0.274" /><testcase classname="tests.test_intelligence_live_data.TestIntelligenceLiveDataConnection" name="test_signals_summary_by_source" time="0.274" /><testcase classname="tests.test_intelligence_live_data.TestIntelligenceLiveDataConnection" name="test_risk_heatmap_returns_data" time="0.270" /><testcase classname="tests.test_intelligence_live_data.TestIntelligenceDashboardAPI" name="test_dashboard_endpoint" time="0.288" /><testcase classname="tests.test_intelligence_live_data.TestIntelligenceDashboardAPI" name="test_recommendations_summary" time="0.279" /></testsuite></testsuites>