<?xml version="1.0" encoding="utf-8"?><testsuites name="pytest tests"><testsuite name="pytest" errors="0" failures="0" skipped="0" tests="24" time="7.857" timestamp="2026-01-10T09:46:19.407459+00:00" hostname="agent-env-4466dfdd-7676-44d5-bd24-2d70b8b4ee25"><testcase classname="tests.test_intelligence_module.TestIntelligenceModule" name="test_intelligence_dashboard" time="0.345" /><testcase classname="tests.test_intelligence_module.TestIntelligenceModule" name="test_get_signals" time="0.304" /><testcase classname="tests.test_intelligence_module.TestIntelligenceModule" name="test_get_signals_with_filter" time="0.311" /><testcase classname="tests.test_intelligence_module.TestIntelligenceModule" name="test_get_signals_summary" time="0.300" /><testcase classname="tests.test_intelligence_module.TestIntelligenceModule" name="test_acknowledge_signal" time="0.342" /><testcase classname="tests.test_intelligence_module.TestIntelligenceModule" name="test_get_metrics" time="0.306" /><testcase classname="tests.test_intelligence_module.TestIntelligenceModule" name="test_get_metrics_dashboard" time="0.304" /><testcase classname="tests.test_intelligence_module.TestIntelligenceModule" name="test_get_metrics_with_domain_filter" time="0.299" /><testcase classname="tests.test_intelligence_module.TestIntelligenceModule" name="test_get_risks" time="0.300" /><testcase classname="tests.test_intelligence_module.TestIntelligenceModule" name="test_get_risk_heatmap" time="0.302" /><testcase classname="tests.test_intelligence_module.TestIntelligenceModule" name="test_get_risks_with_status_filter" time="0.299" /><testcase classname="tests.test_intelligence_module.TestIntelligenceModule" name="test_get_forecasts" time="0.299" /><testcase classname="tests.test_intelligence_module.TestIntelligenceModule" name="test_get_forecast_scenarios" time="0.380" /><testcase classname="tests.test_intelligence_module.TestIntelligenceModule" name="test_run_forecast_simulation" time="0.304" /><testcase classname="tests.test_intelligence_module.TestIntelligenceModule" name="test_run_pricing_simulation" time="0.303" /><testcase classname="tests.test_intelligence_module.TestIntelligenceModule" name="test_get_recommendations" time="0.298" /><testcase classname="tests.test_intelligence_module.TestIntelligenceModule" name="test_get_recommendations_summary" time="0.319" /><testcase classname="tests.test_intelligence_module.TestIntelligenceModule" name="test_act_on_recommendation" time="0.338" /><testcase classname="tests.test_intelligence_module.TestIntelligenceModule" name="test_get_learning_accuracy" time="0.341" /><testcase classname="tests.test_intelligence_module.TestIntelligenceModule" name="test_get_learning_records" time="0.302" /><testcase classname="tests.test_intelligence_module.TestIntelligenceModule" name="test_seed_intelligence_data" time="0.300" /><testcase classname="tests.test_intelligence_module.TestIntelligenceModule" name="test_acknowledge_nonexistent_signal" time="0.300" /><testcase classname="tests.test_intelligence_module.TestIntelligenceModule" name="test_act_on_nonexistent_recommendation" time="0.296" /><testcase classname="tests.test_intelligence_module.TestIntelligenceModule" name="test_unauthorized_access" time="0.558" /></testsuite></testsuites>