<?xml version="1.0" encoding="utf-8"?><testsuites name="pytest tests"><testsuite name="pytest" errors="0" failures="0" skipped="0" tests="14" time="1.888" timestamp="2026-01-09T14:35:39.469808+00:00" hostname="agent-env-8554711e-c00f-4f2a-9825-1f4e8d1d0d66"><testcase classname="tests.test_operations_governance_apis.TestAuth" name="test_login_success" time="0.288" /><testcase classname="tests.test_operations_governance_apis.TestOperationsAPIs" name="test_operations_governance_dashboard" time="0.318" /><testcase classname="tests.test_operations_governance_apis.TestOperationsAPIs" name="test_operations_work_intake" time="0.041" /><testcase classname="tests.test_operations_governance_apis.TestOperationsAPIs" name="test_operations_projects" time="0.039" /><testcase classname="tests.test_operations_governance_apis.TestOperationsAPIs" name="test_operations_tasks" time="0.037" /><testcase classname="tests.test_operations_governance_apis.TestOperationsAPIs" name="test_operations_resources" time="0.041" /><testcase classname="tests.test_operations_governance_apis.TestOperationsAPIs" name="test_operations_services" time="0.079" /><testcase classname="tests.test_operations_governance_apis.TestOperationsAPIs" name="test_operations_governance_alerts" time="0.047" /><testcase classname="tests.test_operations_governance_apis.TestCommerceGovernanceEngineAPIs" name="test_governance_policies" time="0.329" /><testcase classname="tests.test_operations_governance_apis.TestCommerceGovernanceEngineAPIs" name="test_governance_limits" time="0.040" /><testcase classname="tests.test_operations_governance_apis.TestCommerceGovernanceEngineAPIs" name="test_governance_authority" time="0.040" /><testcase classname="tests.test_operations_governance_apis.TestCommerceGovernanceEngineAPIs" name="test_governance_risk_rules" time="0.038" /><testcase classname="tests.test_operations_governance_apis.TestPartiesEngineAPIs" name="test_parties_list" time="0.321" /><testcase classname="tests.test_operations_governance_apis.TestPartiesEngineAPIs" name="test_party_detail" time="0.094" /></testsuite></testsuites>