<?xml version="1.0" encoding="utf-8"?><testsuites name="pytest tests"><testsuite name="pytest" errors="0" failures="0" skipped="0" tests="20" time="1.387" timestamp="2026-01-13T10:00:52.410631+00:00" hostname="agent-env-55e9a62e-ca39-495a-b7a6-c4f27bc2e2ff"><testcase classname="tests.test_p1_enterprise_features.TestCalendarIntegration" name="test_get_calendar_events" time="0.369" /><testcase classname="tests.test_p1_enterprise_features.TestCalendarIntegration" name="test_get_calendar_summary" time="0.043" /><testcase classname="tests.test_p1_enterprise_features.TestCalendarIntegration" name="test_get_today_events" time="0.042" /><testcase classname="tests.test_p1_enterprise_features.TestCalendarIntegration" name="test_get_upcoming_events" time="0.047" /><testcase classname="tests.test_p1_enterprise_features.TestCalendarIntegration" name="test_create_calendar_event" time="0.084" /><testcase classname="tests.test_p1_enterprise_features.TestReportsBuilder" name="test_get_data_sources" time="0.039" /><testcase classname="tests.test_p1_enterprise_features.TestReportsBuilder" name="test_get_report_templates" time="0.037" /><testcase classname="tests.test_p1_enterprise_features.TestReportsBuilder" name="test_list_reports" time="0.037" /><testcase classname="tests.test_p1_enterprise_features.TestReportsBuilder" name="test_create_report" time="0.043" /><testcase classname="tests.test_p1_enterprise_features.TestDocumentManagement" name="test_list_documents" time="0.042" /><testcase classname="tests.test_p1_enterprise_features.TestDocumentManagement" name="test_get_entity_documents" time="0.083" /><testcase classname="tests.test_p1_enterprise_features.TestEmailIntegration" name="test_list_emails" time="0.041" /><testcase classname="tests.test_p1_enterprise_features.TestEmailIntegration" name="test_get_email_templates" time="0.040" /><testcase classname="tests.test_p1_enterprise_features.TestEmailIntegration" name="test_get_email_stats" time="0.041" /><testcase classname="tests.test_p1_enterprise_features.TestEmailIntegration" name="test_send_email" time="0.042" /><testcase classname="tests.test_p1_enterprise_features.TestAuditTrail" name="test_get_audit_stats" time="0.044" /><testcase classname="tests.test_p1_enterprise_features.TestAuditTrail" name="test_get_recent_audit_logs" time="0.039" /><testcase classname="tests.test_p1_enterprise_features.TestAuditTrail" name="test_get_entity_audit_history" time="0.043" /><testcase classname="tests.test_p1_enterprise_features.TestCleanup" name="test_cleanup_test_events" time="0.086" /><testcase classname="tests.test_p1_enterprise_features.TestCleanup" name="test_cleanup_test_reports" time="0.080" /></testsuite></testsuites>