<?xml version="1.0" encoding="utf-8"?><testsuites name="pytest tests"><testsuite name="pytest" errors="0" failures="0" skipped="0" tests="23" time="3.370" timestamp="2026-01-09T18:10:00.279655+00:00" hostname="agent-env-bd6a2a2e-b63e-4aa4-b075-35b7fa764bdd"><testcase classname="tests.test_p2_bank_recon_period_close.TestAuth" name="test_login_success" time="0.319" /><testcase classname="tests.test_p2_bank_recon_period_close.TestMultiCurrency" name="test_get_currencies" time="0.345" /><testcase classname="tests.test_p2_bank_recon_period_close.TestMultiCurrency" name="test_convert_currency" time="0.079" /><testcase classname="tests.test_p2_bank_recon_period_close.TestMultiCurrency" name="test_convert_same_currency" time="0.044" /><testcase classname="tests.test_p2_bank_recon_period_close.TestBankAccounts" name="test_get_bank_accounts" time="0.305" /><testcase classname="tests.test_p2_bank_recon_period_close.TestBankAccounts" name="test_create_bank_account" time="0.081" /><testcase classname="tests.test_p2_bank_recon_period_close.TestBankStatements" name="test_get_bank_statements" time="0.385" /><testcase classname="tests.test_p2_bank_recon_period_close.TestBankStatements" name="test_import_bank_statement" time="0.044" /><testcase classname="tests.test_p2_bank_recon_period_close.TestBankStatements" name="test_import_statement_missing_account" time="0.078" /><testcase classname="tests.test_p2_bank_recon_period_close.TestBankReconciliation" name="test_auto_match_transactions" time="0.340" /><testcase classname="tests.test_p2_bank_recon_period_close.TestBankReconciliation" name="test_manual_match_transaction" time="0.079" /><testcase classname="tests.test_p2_bank_recon_period_close.TestBankReconciliation" name="test_complete_reconciliation" time="0.039" /><testcase classname="tests.test_p2_bank_recon_period_close.TestBankReconciliation" name="test_get_reconciliations" time="0.078" /><testcase classname="tests.test_p2_bank_recon_period_close.TestPeriodClose" name="test_auto_close_period" time="0.308" /><testcase classname="tests.test_p2_bank_recon_period_close.TestPeriodClose" name="test_get_close_periods" time="0.077" /><testcase classname="tests.test_p2_bank_recon_period_close.TestServiceWorkerEndpoints" name="test_finance_dashboard_cacheable" time="0.343" /><testcase classname="tests.test_p2_bank_recon_period_close.TestServiceWorkerEndpoints" name="test_billing_cacheable" time="0.044" /><testcase classname="tests.test_p2_bank_recon_period_close.TestServiceWorkerEndpoints" name="test_receivables_cacheable" time="0.040" /><testcase classname="tests.test_p2_bank_recon_period_close.TestServiceWorkerEndpoints" name="test_payables_cacheable" time="0.038" /><testcase classname="tests.test_p2_bank_recon_period_close.TestServiceWorkerEndpoints" name="test_ledger_cacheable" time="0.044" /><testcase classname="tests.test_p2_bank_recon_period_close.TestServiceWorkerEndpoints" name="test_assets_cacheable" time="0.037" /><testcase classname="tests.test_p2_bank_recon_period_close.TestServiceWorkerEndpoints" name="test_tax_cacheable" time="0.084" /><testcase classname="tests.test_p2_bank_recon_period_close.TestServiceWorkerEndpoints" name="test_gst_cacheable" time="0.039" /></testsuite></testsuites>