<?xml version="1.0" encoding="utf-8"?><testsuites name="pytest tests"><testsuite name="pytest" errors="0" failures="0" skipped="0" tests="26" time="7.836" timestamp="2026-01-17T10:35:41.964369+00:00" hostname="agent-env-2eb1c991-85c3-410e-9fe7-389b8bbeeca3"><testcase classname="tests.test_p2_features.TestCapTableScenarioTemplates" name="test_get_scenario_templates_returns_3_templates" time="0.326" /><testcase classname="tests.test_p2_features.TestCapTableQuickSimulation" name="test_quick_simulation_calculates_dilution_correctly" time="0.306" /><testcase classname="tests.test_p2_features.TestCapTableQuickSimulation" name="test_quick_simulation_rejects_zero_investment" time="0.100" /><testcase classname="tests.test_p2_features.TestCapTableScenarioCRUD" name="test_create_scenario" time="0.305" /><testcase classname="tests.test_p2_features.TestCapTableScenarioCRUD" name="test_list_scenarios" time="0.043" /><testcase classname="tests.test_p2_features.TestCapTableScenarioCRUD" name="test_delete_scenario" time="0.038" /><testcase classname="tests.test_p2_features.TestEmailCampaignsTemplates" name="test_list_templates" time="0.295" /><testcase classname="tests.test_p2_features.TestEmailCampaignsTemplates" name="test_seed_default_templates" time="0.043" /><testcase classname="tests.test_p2_features.TestEmailCampaignsTemplates" name="test_templates_exist_after_seed" time="0.038" /><testcase classname="tests.test_p2_features.TestEmailCampaignsCRUD" name="test_create_campaign" time="0.386" /><testcase classname="tests.test_p2_features.TestEmailCampaignsCRUD" name="test_list_campaigns" time="0.037" /><testcase classname="tests.test_p2_features.TestEmailCampaignsCRUD" name="test_delete_campaign" time="0.040" /><testcase classname="tests.test_p2_features.TestWorkflowBuilderTemplates" name="test_get_workflow_templates_returns_4_templates" time="0.336" /><testcase classname="tests.test_p2_features.TestWorkflowBuilderCRUD" name="test_create_workflow" time="0.329" /><testcase classname="tests.test_p2_features.TestWorkflowBuilderCRUD" name="test_list_workflows" time="0.035" /><testcase classname="tests.test_p2_features.TestWorkflowBuilderCRUD" name="test_run_workflow_manually" time="0.048" /><testcase classname="tests.test_p2_features.TestWorkflowBuilderCRUD" name="test_get_workflow_runs" time="0.035" /><testcase classname="tests.test_p2_features.TestWorkflowBuilderCRUD" name="test_delete_workflow" time="0.050" /><testcase classname="tests.test_p2_features.TestMLBankReconciliation" name="test_analyze_endpoint_with_empty_data" time="0.296" /><testcase classname="tests.test_p2_features.TestMLBankReconciliation" name="test_analyze_endpoint_with_sample_data" time="2.961" /><testcase classname="tests.test_p2_features.TestMLBankReconciliation" name="test_analyze_endpoint_finds_matches" time="1.450" /><testcase classname="tests.test_p2_features.TestAuthenticationRequired" name="test_cap_table_templates_requires_auth" time="0.036" /><testcase classname="tests.test_p2_features.TestAuthenticationRequired" name="test_cap_table_list_requires_auth" time="0.078" /><testcase classname="tests.test_p2_features.TestAuthenticationRequired" name="test_email_campaigns_requires_auth" time="0.034" /><testcase classname="tests.test_p2_features.TestAuthenticationRequired" name="test_workflows_requires_auth" time="0.035" /><testcase classname="tests.test_p2_features.TestAuthenticationRequired" name="test_ml_reconcile_requires_auth" time="0.037" /></testsuite></testsuites>