<?xml version="1.0" encoding="utf-8"?><testsuites name="pytest tests"><testsuite name="pytest" errors="0" failures="0" skipped="0" tests="19" time="13.102" timestamp="2026-01-17T19:00:21.381685+00:00" hostname="agent-env-7f9f2465-85ac-40b0-8c4f-3925c85f1a4b"><testcase classname="tests.test_p2_ml_recon_cap_scenarios.TestMLBankReconciliation" name="test_ml_auto_match_endpoint_exists" time="4.830" /><testcase classname="tests.test_p2_ml_recon_cap_scenarios.TestMLBankReconciliation" name="test_ml_auto_match_returns_expected_fields" time="5.077" /><testcase classname="tests.test_p2_ml_recon_cap_scenarios.TestMLBankReconciliation" name="test_ml_suggestions_endpoint_requires_entry_id" time="0.065" /><testcase classname="tests.test_p2_ml_recon_cap_scenarios.TestMLBankReconciliation" name="test_ml_confirm_match_requires_ids" time="0.084" /><testcase classname="tests.test_p2_ml_recon_cap_scenarios.TestMLBankReconciliation" name="test_ml_confirm_match_with_invalid_ids" time="0.043" /><testcase classname="tests.test_p2_ml_recon_cap_scenarios.TestMLBankReconciliation" name="test_ml_analyze_endpoint" time="1.527" /><testcase classname="tests.test_p2_ml_recon_cap_scenarios.TestMLBankReconciliation" name="test_ml_endpoints_require_auth" time="0.116" /><testcase classname="tests.test_p2_ml_recon_cap_scenarios.TestCapTableScenarioModeling" name="test_get_scenario_templates" time="0.042" /><testcase classname="tests.test_p2_ml_recon_cap_scenarios.TestCapTableScenarioModeling" name="test_list_scenarios" time="0.043" /><testcase classname="tests.test_p2_ml_recon_cap_scenarios.TestCapTableScenarioModeling" name="test_create_scenario" time="0.041" /><testcase classname="tests.test_p2_ml_recon_cap_scenarios.TestCapTableScenarioModeling" name="test_create_scenario_requires_name" time="0.082" /><testcase classname="tests.test_p2_ml_recon_cap_scenarios.TestCapTableScenarioModeling" name="test_get_scenario_details" time="0.080" /><testcase classname="tests.test_p2_ml_recon_cap_scenarios.TestCapTableScenarioModeling" name="test_add_round_to_scenario" time="0.083" /><testcase classname="tests.test_p2_ml_recon_cap_scenarios.TestCapTableScenarioModeling" name="test_quick_simulation" time="0.036" /><testcase classname="tests.test_p2_ml_recon_cap_scenarios.TestCapTableScenarioModeling" name="test_quick_simulation_requires_positive_investment" time="0.040" /><testcase classname="tests.test_p2_ml_recon_cap_scenarios.TestCapTableScenarioModeling" name="test_analyze_dilution" time="0.162" /><testcase classname="tests.test_p2_ml_recon_cap_scenarios.TestCapTableScenarioModeling" name="test_delete_scenario" time="0.117" /><testcase classname="tests.test_p2_ml_recon_cap_scenarios.TestCapTableScenarioModeling" name="test_scenario_endpoints_require_auth" time="0.347" /><testcase classname="tests.test_p2_ml_recon_cap_scenarios.TestCleanup" name="test_cleanup_test_scenarios" time="0.196" /></testsuite></testsuites>