<?xml version="1.0" encoding="utf-8"?><testsuites name="pytest tests"><testsuite name="pytest" errors="0" failures="1" skipped="0" tests="27" time="1.915" timestamp="2026-01-09T11:52:12.413024+00:00" hostname="agent-env-8c65f188-2b30-4cf9-99b6-8d8e27a3a039"><testcase classname="tests.test_parties_governance_engines.TestPartiesEngineAPIs" name="test_list_parties" time="0.085" /><testcase classname="tests.test_parties_governance_engines.TestPartiesEngineAPIs" name="test_list_parties_with_filters" time="0.084" /><testcase classname="tests.test_parties_governance_engines.TestPartiesEngineAPIs" name="test_create_party" time="0.063" /><testcase classname="tests.test_parties_governance_engines.TestPartiesEngineAPIs" name="test_get_party_detail" time="0.092" /><testcase classname="tests.test_parties_governance_engines.TestPartiesEngineAPIs" name="test_get_party_identity_profile" time="0.120" /><testcase classname="tests.test_parties_governance_engines.TestPartiesEngineAPIs" name="test_get_party_legal_profile" time="0.093" /><testcase classname="tests.test_parties_governance_engines.TestPartiesEngineAPIs" name="test_get_party_tax_profile" time="0.087" /><testcase classname="tests.test_parties_governance_engines.TestPartiesEngineAPIs" name="test_get_party_risk_profile" time="0.090" /><testcase classname="tests.test_parties_governance_engines.TestPartiesEngineAPIs" name="test_get_party_compliance_profile" time="0.128" /><testcase classname="tests.test_parties_governance_engines.TestPartiesEngineAPIs" name="test_get_party_readiness" time="0.088" /><testcase classname="tests.test_parties_governance_engines.TestPartiesEngineAPIs" name="test_update_party_status" time="0.086" /><testcase classname="tests.test_parties_governance_engines.TestGovernanceEngineAPIs" name="test_list_policies" time="0.042" /><testcase classname="tests.test_parties_governance_engines.TestGovernanceEngineAPIs" name="test_list_policies_with_scope_filter" time="0.037" /><testcase classname="tests.test_parties_governance_engines.TestGovernanceEngineAPIs" name="test_create_policy" time="0.041" /><testcase classname="tests.test_parties_governance_engines.TestGovernanceEngineAPIs" name="test_get_policy_detail" time="0.082" /><testcase classname="tests.test_parties_governance_engines.TestGovernanceEngineAPIs" name="test_list_limits" time="0.037" /><testcase classname="tests.test_parties_governance_engines.TestGovernanceEngineAPIs" name="test_create_limit" time="0.042" /><testcase classname="tests.test_parties_governance_engines.TestGovernanceEngineAPIs" name="test_get_limit_detail" time="0.076" /><testcase classname="tests.test_parties_governance_engines.TestGovernanceEngineAPIs" name="test_list_authority_rules" time="0.042" /><testcase classname="tests.test_parties_governance_engines.TestGovernanceEngineAPIs" name="test_create_authority_rule" time="0.037" /><testcase classname="tests.test_parties_governance_engines.TestGovernanceEngineAPIs" name="test_get_authority_rule_detail" time="0.075" /><testcase classname="tests.test_parties_governance_engines.TestGovernanceEngineAPIs" name="test_list_risk_rules" time="0.035" /><testcase classname="tests.test_parties_governance_engines.TestGovernanceEngineAPIs" name="test_create_risk_rule" time="0.039" /><testcase classname="tests.test_parties_governance_engines.TestGovernanceEngineAPIs" name="test_list_audit_logs" time="0.035" /><testcase classname="tests.test_parties_governance_engines.TestGovernanceEngineAPIs" name="test_governance_evaluation" time="0.052"><failure message="AssertionError: assert 'allowed' in {'governance_decision': {'allowed': True, 'approvals_required': [{'authority_id': 'AUTH-0001', 'reason': 'Deal value 500,000 in range 500,000-2,000,000', 'role': 'finance_head'}, {'authority_id': 'AUTH-0004', 'reason': 'Deal value 500,000 in range 100,000-1,000,000', 'role': 'procurement_head'}], 'audit_reference': 'GOV-20260109115214', 'hard_blocks': [], ...}, 'success': True}">tests/test_parties_governance_engines.py:421: in test_governance_evaluation
    assert "allowed" in data
E   AssertionError: assert 'allowed' in {'governance_decision': {'allowed': True, 'approvals_required': [{'authority_id': 'AUTH-0001', 'reason': 'Deal value 500,000 in range 500,000-2,000,000', 'role': 'finance_head'}, {'authority_id': 'AUTH-0004', 'reason': 'Deal value 500,000 in range 100,000-1,000,000', 'role': 'procurement_head'}], 'audit_reference': 'GOV-20260109115214', 'hard_blocks': [], ...}, 'success': True}</failure></testcase><testcase classname="tests.test_parties_governance_engines.TestNavigationEndpoints" name="test_revenue_workflow_leads_endpoint" time="0.038" /><testcase classname="tests.test_parties_governance_engines.TestNavigationEndpoints" name="test_procurement_workflow_requests_endpoint" time="0.040" /></testsuite></testsuites>