<?xml version="1.0" encoding="utf-8"?><testsuites name="pytest tests"><testsuite name="pytest" errors="0" failures="0" skipped="0" tests="9" time="1.822" timestamp="2026-01-04T09:25:20.937784+00:00" hostname="agent-env-17934404-8a67-45c4-a328-f34ca98b2144"><testcase classname="tests.test_parties_dashboard_features.TestDashboardStats" name="test_get_dashboard_stats" time="0.374" /><testcase classname="tests.test_parties_dashboard_features.TestBulkOperations" name="test_bulk_create_customers" time="0.306" /><testcase classname="tests.test_parties_dashboard_features.TestBulkOperations" name="test_bulk_create_vendors" time="0.041" /><testcase classname="tests.test_parties_dashboard_features.TestVendorsListFeatures" name="test_vendors_list_with_search" time="0.313" /><testcase classname="tests.test_parties_dashboard_features.TestVendorsListFeatures" name="test_vendors_list_with_type_filter" time="0.042" /><testcase classname="tests.test_parties_dashboard_features.TestVendorsListFeatures" name="test_vendors_list_with_status_filter" time="0.042" /><testcase classname="tests.test_parties_dashboard_features.TestVendorsListFeatures" name="test_vendor_detail_and_update" time="0.083" /><testcase classname="tests.test_parties_dashboard_features.TestCleanupBulkData" name="test_cleanup_bulk_customers" time="0.430" /><testcase classname="tests.test_parties_dashboard_features.TestCleanupBulkData" name="test_cleanup_bulk_vendors" time="0.122" /></testsuite></testsuites>