<?xml version="1.0" encoding="utf-8"?><testsuites name="pytest tests"><testsuite name="pytest" errors="0" failures="0" skipped="0" tests="26" time="3.778" timestamp="2026-01-04T09:24:32.191140+00:00" hostname="agent-env-17934404-8a67-45c4-a328-f34ca98b2144"><testcase classname="tests.test_parties_crud.TestAuth" name="test_login_success" time="0.294" /><testcase classname="tests.test_parties_crud.TestPartnersCRUD" name="test_get_partners_list" time="0.308" /><testcase classname="tests.test_parties_crud.TestPartnersCRUD" name="test_get_partners_with_search" time="0.041" /><testcase classname="tests.test_parties_crud.TestPartnersCRUD" name="test_get_partners_with_status_filter" time="0.062" /><testcase classname="tests.test_parties_crud.TestPartnersCRUD" name="test_create_partner" time="0.047" /><testcase classname="tests.test_parties_crud.TestPartnersCRUD" name="test_get_partner_detail" time="0.090" /><testcase classname="tests.test_parties_crud.TestPartnersCRUD" name="test_update_partner" time="0.125" /><testcase classname="tests.test_parties_crud.TestPartnersCRUD" name="test_delete_partner" time="0.167" /><testcase classname="tests.test_parties_crud.TestPartnersCRUD" name="test_get_nonexistent_partner" time="0.041" /><testcase classname="tests.test_parties_crud.TestChannelsCRUD" name="test_get_channels_list" time="0.306" /><testcase classname="tests.test_parties_crud.TestChannelsCRUD" name="test_get_channels_with_filters" time="0.043" /><testcase classname="tests.test_parties_crud.TestChannelsCRUD" name="test_create_channel" time="0.043" /><testcase classname="tests.test_parties_crud.TestChannelsCRUD" name="test_get_channel_detail" time="0.086" /><testcase classname="tests.test_parties_crud.TestChannelsCRUD" name="test_update_channel" time="0.133" /><testcase classname="tests.test_parties_crud.TestChannelsCRUD" name="test_delete_channel" time="0.126" /><testcase classname="tests.test_parties_crud.TestChannelsCRUD" name="test_get_nonexistent_channel" time="0.046" /><testcase classname="tests.test_parties_crud.TestProfilesCRUD" name="test_get_profiles_list" time="0.334" /><testcase classname="tests.test_parties_crud.TestProfilesCRUD" name="test_get_profiles_with_filters" time="0.062" /><testcase classname="tests.test_parties_crud.TestProfilesCRUD" name="test_create_profile" time="0.050" /><testcase classname="tests.test_parties_crud.TestProfilesCRUD" name="test_get_profile_detail" time="0.091" /><testcase classname="tests.test_parties_crud.TestProfilesCRUD" name="test_update_profile" time="0.141" /><testcase classname="tests.test_parties_crud.TestProfilesCRUD" name="test_delete_profile" time="0.139" /><testcase classname="tests.test_parties_crud.TestProfilesCRUD" name="test_get_nonexistent_profile" time="0.037" /><testcase classname="tests.test_parties_crud.TestCleanup" name="test_cleanup_test_partners" time="0.477" /><testcase classname="tests.test_parties_crud.TestCleanup" name="test_cleanup_test_channels" time="0.173" /><testcase classname="tests.test_parties_crud.TestCleanup" name="test_cleanup_test_profiles" time="0.172" /></testsuite></testsuites>