<?xml version="1.0" encoding="utf-8"?><testsuites name="pytest tests"><testsuite name="pytest" errors="0" failures="0" skipped="0" tests="23" time="3.134" timestamp="2026-01-10T08:30:34.330859+00:00" hostname="agent-env-4466dfdd-7676-44d5-bd24-2d70b8b4ee25"><testcase classname="tests.test_super_admin_portal.TestSuperAdminAuth" name="test_login_success" time="0.317" /><testcase classname="tests.test_super_admin_portal.TestSuperAdminAuth" name="test_login_invalid_password" time="0.262" /><testcase classname="tests.test_super_admin_portal.TestSuperAdminAuth" name="test_login_invalid_email" time="0.040" /><testcase classname="tests.test_super_admin_portal.TestSuperAdminDashboard" name="test_dashboard_without_auth" time="0.041" /><testcase classname="tests.test_super_admin_portal.TestSuperAdminDashboard" name="test_dashboard_with_auth" time="0.306" /><testcase classname="tests.test_super_admin_portal.TestOrganizationsCRUD" name="test_list_organizations_without_auth" time="0.040" /><testcase classname="tests.test_super_admin_portal.TestOrganizationsCRUD" name="test_list_organizations" time="0.044" /><testcase classname="tests.test_super_admin_portal.TestOrganizationsCRUD" name="test_create_organization" time="0.042" /><testcase classname="tests.test_super_admin_portal.TestOrganizationsCRUD" name="test_create_duplicate_organization" time="0.080" /><testcase classname="tests.test_super_admin_portal.TestOrganizationsCRUD" name="test_get_organization_detail" time="0.093" /><testcase classname="tests.test_super_admin_portal.TestOrganizationsCRUD" name="test_update_organization" time="0.121" /><testcase classname="tests.test_super_admin_portal.TestOrganizationsCRUD" name="test_deactivate_organization" time="0.081" /><testcase classname="tests.test_super_admin_portal.TestOrganizationsCRUD" name="test_get_nonexistent_organization" time="0.081" /><testcase classname="tests.test_super_admin_portal.TestUsersCRUD" name="test_list_users_without_auth" time="0.038" /><testcase classname="tests.test_super_admin_portal.TestUsersCRUD" name="test_list_users" time="0.039" /><testcase classname="tests.test_super_admin_portal.TestUsersCRUD" name="test_list_users_by_org" time="0.077" /><testcase classname="tests.test_super_admin_portal.TestUsersCRUD" name="test_create_user" time="0.262" /><testcase classname="tests.test_super_admin_portal.TestUsersCRUD" name="test_create_duplicate_user" time="0.342" /><testcase classname="tests.test_super_admin_portal.TestUsersCRUD" name="test_create_user_invalid_org" time="0.042" /><testcase classname="tests.test_super_admin_portal.TestUsersCRUD" name="test_update_user" time="0.301" /><testcase classname="tests.test_super_admin_portal.TestUsersCRUD" name="test_deactivate_user" time="0.304" /><testcase classname="tests.test_super_admin_portal.TestUsersCRUD" name="test_update_nonexistent_user" time="0.038" /><testcase classname="tests.test_super_admin_portal.TestCleanup" name="test_cleanup_test_organizations" time="0.046" /></testsuite></testsuites>