<?xml version="1.0" encoding="utf-8"?><testsuites name="pytest tests"><testsuite name="pytest" errors="0" failures="0" skipped="0" tests="19" time="2.830" timestamp="2026-01-17T18:47:54.347173+00:00" hostname="agent-env-7f9f2465-85ac-40b0-8c4f-3925c85f1a4b"><testcase classname="tests.test_visual_editors.TestWorkflowBuilderAPIs" name="test_list_workflows" time="0.357" /><testcase classname="tests.test_visual_editors.TestWorkflowBuilderAPIs" name="test_list_workflow_templates" time="0.042" /><testcase classname="tests.test_visual_editors.TestWorkflowBuilderAPIs" name="test_create_workflow" time="0.045" /><testcase classname="tests.test_visual_editors.TestWorkflowBuilderAPIs" name="test_update_workflow_steps" time="0.129" /><testcase classname="tests.test_visual_editors.TestWorkflowBuilderAPIs" name="test_get_workflow_details" time="0.171" /><testcase classname="tests.test_visual_editors.TestWorkflowBuilderAPIs" name="test_delete_workflow" time="0.086" /><testcase classname="tests.test_visual_editors.TestEmailCampaignAPIs" name="test_list_templates" time="0.305" /><testcase classname="tests.test_visual_editors.TestEmailCampaignAPIs" name="test_seed_default_templates" time="0.084" /><testcase classname="tests.test_visual_editors.TestEmailCampaignAPIs" name="test_create_template" time="0.046" /><testcase classname="tests.test_visual_editors.TestEmailCampaignAPIs" name="test_update_template" time="0.126" /><testcase classname="tests.test_visual_editors.TestEmailCampaignAPIs" name="test_get_template" time="0.160" /><testcase classname="tests.test_visual_editors.TestEmailCampaignAPIs" name="test_delete_template" time="0.164" /><testcase classname="tests.test_visual_editors.TestCampaignAPIs" name="test_list_campaigns" time="0.353" /><testcase classname="tests.test_visual_editors.TestCampaignAPIs" name="test_create_campaign" time="0.131" /><testcase classname="tests.test_visual_editors.TestAuthenticationRequired" name="test_workflows_requires_auth" time="0.041" /><testcase classname="tests.test_visual_editors.TestAuthenticationRequired" name="test_templates_requires_auth" time="0.041" /><testcase classname="tests.test_visual_editors.TestAuthenticationRequired" name="test_campaigns_requires_auth" time="0.044" /><testcase classname="tests.test_visual_editors.TestCleanup" name="test_cleanup_test_workflows" time="0.343" /><testcase classname="tests.test_visual_editors.TestCleanup" name="test_cleanup_test_templates" time="0.081" /></testsuite></testsuites>