<?xml version="1.0" encoding="utf-8"?><testsuites name="pytest tests"><testsuite name="pytest" errors="0" failures="0" skipped="2" tests="15" time="7.038" timestamp="2026-01-17T09:23:15.919043+00:00" hostname="agent-env-2eb1c991-85c3-410e-9fe7-389b8bbeeca3"><testcase classname="tests.test_workflow_e2e_data_flow.TestWorkflowE2EDataFlow" name="test_01_lead_creation_creates_workspace_task" time="0.809" /><testcase classname="tests.test_workflow_e2e_data_flow.TestWorkflowE2EDataFlow" name="test_02_lead_creation_creates_activity_record" time="0.782" /><testcase classname="tests.test_workflow_e2e_data_flow.TestWorkflowE2EDataFlow" name="test_03_lead_qualification_flow" time="0.403" /><testcase classname="tests.test_workflow_e2e_data_flow.TestWorkflowE2EDataFlow" name="test_04_lead_to_evaluation_creates_party" time="0.448" /><testcase classname="tests.test_workflow_e2e_data_flow.TestWorkflowE2EDataFlow" name="test_05_evaluation_submit_creates_commit_with_approvals" time="0.341"><skipped type="pytest.skip" message="Lead already converted (timestamp collision): Lead is already converted">/app/tests/test_workflow_e2e_data_flow.py:244: Lead already converted (timestamp collision): Lead is already converted</skipped></testcase><testcase classname="tests.test_workflow_e2e_data_flow.TestWorkflowE2EDataFlow" name="test_06_commit_approval_flow" time="0.360" /><testcase classname="tests.test_workflow_e2e_data_flow.TestWorkflowE2EDataFlow" name="test_07_contract_creation_creates_workspace_task" time="0.795" /><testcase classname="tests.test_workflow_e2e_data_flow.TestWorkflowE2EDataFlow" name="test_08_contract_sign_and_handoff_creates_work_order" time="0.856" /><testcase classname="tests.test_workflow_e2e_data_flow.TestWorkflowE2EDataFlow" name="test_09_workspace_tasks_returns_workflow_tasks" time="0.311" /><testcase classname="tests.test_workflow_e2e_data_flow.TestWorkflowE2EDataFlow" name="test_10_workspace_approvals_returns_workflow_approvals" time="0.287" /><testcase classname="tests.test_workflow_e2e_data_flow.TestWorkflowE2EDataFlow" name="test_11_intelligence_signals_api" time="0.270" /><testcase classname="tests.test_workflow_e2e_data_flow.TestWorkflowE2EDataFlow" name="test_12_activity_feed_shows_commerce_activities" time="0.272" /><testcase classname="tests.test_workflow_e2e_data_flow.TestWorkflowE2EDataFlow" name="test_13_operations_work_intake_api" time="0.263" /><testcase classname="tests.test_workflow_e2e_data_flow.TestHighValueDealApprovalMatrix" name="test_high_value_deal_requires_finance_head_approval" time="0.362" /><testcase classname="tests.test_workflow_e2e_data_flow.TestHighValueDealApprovalMatrix" name="test_very_high_value_deal_requires_cfo_approval" time="0.375"><skipped type="pytest.skip" message="Lead already converted (timestamp collision): Lead is already converted">/app/tests/test_workflow_e2e_data_flow.py:622: Lead already converted (timestamp collision): Lead is already converted</skipped></testcase></testsuite></testsuites>