<?xml version="1.0" encoding="utf-8"?><testsuites name="pytest tests"><testsuite name="pytest" errors="0" failures="0" skipped="1" tests="23" time="7.056" timestamp="2026-01-09T11:09:39.387975+00:00" hostname="agent-env-8c65f188-2b30-4cf9-99b6-8d8e27a3a039"><testcase classname="tests.test_workflow_apis.TestRevenueWorkflowAPIs" name="test_get_revenue_leads_list" time="0.317" /><testcase classname="tests.test_workflow_apis.TestRevenueWorkflowAPIs" name="test_create_revenue_lead" time="0.316" /><testcase classname="tests.test_workflow_apis.TestRevenueWorkflowAPIs" name="test_get_revenue_lead_detail" time="0.291" /><testcase classname="tests.test_workflow_apis.TestRevenueWorkflowAPIs" name="test_update_revenue_lead" time="0.295" /><testcase classname="tests.test_workflow_apis.TestRevenueWorkflowAPIs" name="test_change_lead_stage" time="0.320" /><testcase classname="tests.test_workflow_apis.TestRevenueWorkflowAPIs" name="test_convert_qualified_lead_to_evaluation" time="0.312" /><testcase classname="tests.test_workflow_apis.TestRevenueWorkflowAPIs" name="test_get_revenue_evaluations_list" time="0.272" /><testcase classname="tests.test_workflow_apis.TestRevenueWorkflowAPIs" name="test_get_revenue_evaluation_detail" time="0.285" /><testcase classname="tests.test_workflow_apis.TestRevenueWorkflowAPIs" name="test_get_revenue_commits_list" time="0.268" /><testcase classname="tests.test_workflow_apis.TestRevenueWorkflowAPIs" name="test_get_revenue_commit_detail" time="0.273"><skipped type="pytest.skip" message="No commits available">/app/tests/test_workflow_apis.py:201: No commits available</skipped></testcase><testcase classname="tests.test_workflow_apis.TestRevenueWorkflowAPIs" name="test_get_revenue_contracts_list" time="0.316" /><testcase classname="tests.test_workflow_apis.TestRevenueWorkflowAPIs" name="test_get_revenue_handoffs_list" time="0.276" /><testcase classname="tests.test_workflow_apis.TestProcurementWorkflowAPIs" name="test_get_procure_requests_list" time="0.312" /><testcase classname="tests.test_workflow_apis.TestProcurementWorkflowAPIs" name="test_create_procure_request" time="0.274" /><testcase classname="tests.test_workflow_apis.TestProcurementWorkflowAPIs" name="test_get_procure_request_detail" time="0.282" /><testcase classname="tests.test_workflow_apis.TestProcurementWorkflowAPIs" name="test_update_procure_request" time="0.327" /><testcase classname="tests.test_workflow_apis.TestProcurementWorkflowAPIs" name="test_submit_procure_request_for_evaluation" time="0.381" /><testcase classname="tests.test_workflow_apis.TestProcurementWorkflowAPIs" name="test_get_procure_evaluations_list" time="0.292" /><testcase classname="tests.test_workflow_apis.TestProcurementWorkflowAPIs" name="test_get_procure_evaluation_detail" time="0.280" /><testcase classname="tests.test_workflow_apis.TestProcurementWorkflowAPIs" name="test_get_procure_commits_list" time="0.310" /><testcase classname="tests.test_workflow_apis.TestProcurementWorkflowAPIs" name="test_get_procure_contracts_list" time="0.310" /><testcase classname="tests.test_workflow_apis.TestProcurementWorkflowAPIs" name="test_get_procure_handoffs_list" time="0.312" /><testcase classname="tests.test_workflow_apis.TestWorkflowSeedData" name="test_seed_workflow_data" time="0.272" /></testsuite></testsuites>