<?xml version="1.0" encoding="utf-8"?><testsuites name="pytest tests"><testsuite name="pytest" errors="0" failures="0" skipped="0" tests="15" time="1.095" timestamp="2026-01-07T12:40:05.289176+00:00" hostname="agent-env-4b85d66f-03a9-46bc-92c5-c7f357075975"><testcase classname="tests.test_zoho_leads.TestLeadAPI" name="test_get_all_leads" time="0.083" /><testcase classname="tests.test_zoho_leads.TestLeadAPI" name="test_get_leads_filter_by_status" time="0.045" /><testcase classname="tests.test_zoho_leads.TestLeadAPI" name="test_get_leads_filter_by_source" time="0.042" /><testcase classname="tests.test_zoho_leads.TestLeadAPI" name="test_get_leads_filter_by_rating" time="0.037" /><testcase classname="tests.test_zoho_leads.TestLeadAPI" name="test_get_leads_combined_filters" time="0.041" /><testcase classname="tests.test_zoho_leads.TestLeadAPI" name="test_get_lead_by_id" time="0.039" /><testcase classname="tests.test_zoho_leads.TestLeadAPI" name="test_get_lead_not_found" time="0.078" /><testcase classname="tests.test_zoho_leads.TestLeadAPI" name="test_create_lead_minimal" time="0.101" /><testcase classname="tests.test_zoho_leads.TestLeadAPI" name="test_create_lead_full_zoho_fields" time="0.100" /><testcase classname="tests.test_zoho_leads.TestLeadAPI" name="test_update_lead" time="0.144" /><testcase classname="tests.test_zoho_leads.TestLeadAPI" name="test_update_lead_not_found" time="0.041" /><testcase classname="tests.test_zoho_leads.TestLeadAPI" name="test_delete_lead" time="0.093" /><testcase classname="tests.test_zoho_leads.TestLeadAPI" name="test_delete_lead_not_found" time="0.076" /><testcase classname="tests.test_zoho_leads.TestLeadAPI" name="test_lead_id_format" time="0.038" /><testcase classname="tests.test_zoho_leads.TestLeadSeedEndpoint" name="test_seed_leads" time="0.050" /></testsuite></testsuites>